# Logfile created on Sat Nov 08 12:13:47 -0500 2008  [4;36;1mSQL (0.000251)[0m   [0;1mSET client_min_messages TO 'panic'[0m
  [4;35;1mSQL (0.000120)[0m   [0mSET client_min_messages TO 'notice'[0m
  [4;36;1mUser Load (0.096438)[0m   [0;1mSELECT * FROM "users" [0m
  [4;35;1mSQL (0.000272)[0m   [0mBEGIN[0m
  [4;36;1mUser Destroy (0.015765)[0m   [0;1m DELETE FROM "users"
 WHERE "id" = 21
[0m
  [4;35;1mSQL (0.000997)[0m   [0mCOMMIT[0m
  [4;36;1mSQL (0.000247)[0m   [0;1mBEGIN[0m
  [4;35;1mUser Destroy (0.000332)[0m   [0m DELETE FROM "users"
 WHERE "id" = 22
[0m
  [4;36;1mSQL (0.000746)[0m   [0;1mCOMMIT[0m
  [4;35;1mSQL (0.000139)[0m   [0mBEGIN[0m
  [4;36;1mUser Create (0.001189)[0m   [0;1mINSERT INTO "users" ("name") VALUES(E'Joe')[0m
  [4;35;1mSQL (0.014535)[0m   [0mSELECT currval('users_id_seq')[0m
  [4;36;1mSQL (0.000803)[0m   [0;1mCOMMIT[0m
  [4;35;1mFriend Load (0.002659)[0m   [0mSELECT * FROM "friends" WHERE ("friends"."last_name" = E'Troy') LIMIT 1[0m
  [4;36;1mSQL (0.000377)[0m   [0;1mBEGIN[0m
  [4;35;1mFriend Update (0.001189)[0m   [0mUPDATE "friends" SET "user_id" = 23 WHERE "id" = 2[0m
  [4;36;1mSQL (0.000596)[0m   [0;1mCOMMIT[0m
  [4;35;1mSQL (0.000153)[0m   [0mBEGIN[0m
  [4;36;1mUser Create (0.000257)[0m   [0;1mINSERT INTO "users" ("name") VALUES(E'Fred')[0m
  [4;35;1mSQL (0.000205)[0m   [0mSELECT currval('users_id_seq')[0m
  [4;36;1mSQL (0.000674)[0m   [0;1mCOMMIT[0m
  [4;35;1mFriend Load (0.000467)[0m   [0mSELECT * FROM "friends" WHERE ("friends"."last_name" = E'Jones') LIMIT 1[0m
  [4;36;1mSQL (0.000150)[0m   [0;1mBEGIN[0m
  [4;35;1mFriend Update (0.000372)[0m   [0mUPDATE "friends" SET "user_id" = 24 WHERE "id" = 1[0m
  [4;36;1mSQL (0.000849)[0m   [0;1mCOMMIT[0m
  [4;35;1mUser Load (0.000400)[0m   [0mSELECT * FROM "users" [0m
  [4;36;1mUser Load (0.000975)[0m   [0;1mSELECT * FROM "users" WHERE ("users"."id" = 24) [0m
  [4;35;1mFriend Load (0.000474)[0m   [0mSELECT * FROM "friends" WHERE ("friends"."id" = 1 AND ("friends".user_id = 24)) [0m
  [4;36;1mUser Load (0.000380)[0m   [0;1mSELECT * FROM "users" [0m
  [4;35;1mUser Load (0.000389)[0m   [0mSELECT * FROM "users" WHERE ("users"."id" = 23) [0m
  [4;36;1mFriend Load (0.000448)[0m   [0;1mSELECT * FROM "friends" WHERE ("friends"."id" = 2 AND ("friends".user_id = 23)) [0m
  [4;35;1mUser Load (0.000363)[0m   [0mSELECT * FROM "users" WHERE ("users"."id" = 23) [0m
  [4;36;1mFriend Load (0.000476)[0m   [0;1mSELECT * FROM "friends" WHERE ("friends"."id" = 2 AND ("friends".user_id = 23)) [0m
  [4;35;1mFriend Load (0.000475)[0m   [0mSELECT * FROM "friends" WHERE ("friends"."id" = 2 AND ("friends".user_id = 23)) [0m
  [4;36;1mFriend Load (0.000436)[0m   [0;1mSELECT * FROM "friends" WHERE ("friends".user_id = 23) [0m
  [4;36;1mSQL (0.000243)[0m   [0;1mSET client_min_messages TO 'panic'[0m
  [4;35;1mSQL (0.000160)[0m   [0mSET client_min_messages TO 'notice'[0m
  [4;36;1mSQL (0.000194)[0m   [0;1mSET client_min_messages TO 'panic'[0m
  [4;35;1mSQL (0.000102)[0m   [0mSET client_min_messages TO 'notice'[0m
  [4;36;1mUser Load (0.001031)[0m   [0;1mSELECT * FROM "users" [0m
  [4;35;1mSQL (0.000102)[0m   [0mBEGIN[0m
  [4;36;1mUser Destroy (0.000416)[0m   [0;1m DELETE FROM "users"
 WHERE "id" = 23
[0m
  [4;35;1mSQL (0.000908)[0m   [0mCOMMIT[0m
  [4;36;1mSQL (0.000153)[0m   [0;1mBEGIN[0m
  [4;35;1mUser Destroy (0.000303)[0m   [0m DELETE FROM "users"
 WHERE "id" = 24
[0m
  [4;36;1mSQL (0.000735)[0m   [0;1mCOMMIT[0m
  [4;35;1mSQL (0.000150)[0m   [0mBEGIN[0m
  [4;36;1mUser Create (0.011616)[0m   [0;1mINSERT INTO "users" ("name") VALUES(E'Joe')[0m
  [4;35;1mSQL (0.000920)[0m   [0mSELECT currval('users_id_seq')[0m
  [4;36;1mSQL (0.000919)[0m   [0;1mCOMMIT[0m
  [4;35;1mFriend Load (0.027923)[0m   [0mSELECT * FROM "friends" WHERE ("friends"."last_name" = E'Troy') LIMIT 1[0m
  [4;36;1mSQL (0.000243)[0m   [0;1mBEGIN[0m
  [4;35;1mFriend Update (0.000461)[0m   [0mUPDATE "friends" SET "user_id" = 25 WHERE "id" = 2[0m
  [4;36;1mSQL (0.000826)[0m   [0;1mCOMMIT[0m
  [4;35;1mSQL (0.000195)[0m   [0mBEGIN[0m
  [4;36;1mUser Create (0.000224)[0m   [0;1mINSERT INTO "users" ("name") VALUES(E'Fred')[0m
  [4;35;1mSQL (0.000149)[0m   [0mSELECT currval('users_id_seq')[0m
  [4;36;1mSQL (0.000577)[0m   [0;1mCOMMIT[0m
  [4;35;1mFriend Load (0.000898)[0m   [0mSELECT * FROM "friends" WHERE ("friends"."last_name" = E'Jones') LIMIT 1[0m
  [4;36;1mSQL (0.000511)[0m   [0;1mBEGIN[0m
  [4;35;1mFriend Update (0.000319)[0m   [0mUPDATE "friends" SET "user_id" = 26 WHERE "id" = 1[0m
  [4;36;1mSQL (0.001155)[0m   [0;1mCOMMIT[0m
  [4;35;1mUser Load (0.000330)[0m   [0mSELECT * FROM "users" [0m
  [4;36;1mUser Load (0.000389)[0m   [0;1mSELECT * FROM "users" WHERE ("users"."id" = 26) [0m
  [4;35;1mFriend Load (0.000559)[0m   [0mSELECT * FROM "friends" WHERE ("friends"."id" = 1 AND ("friends".user_id = 26)) [0m
  [4;36;1mUser Load (0.001215)[0m   [0;1mSELECT * FROM "users" WHERE ("users"."id" = 25) [0m
  [4;35;1mFriend Load (0.000543)[0m   [0mSELECT * FROM "friends" WHERE ("friends"."id" = 2 AND ("friends".user_id = 25)) [0m
  [4;36;1mUser Load (0.000495)[0m   [0;1mSELECT * FROM "users" WHERE ("users"."id" = 25) [0m
  [4;35;1mFriend Load (0.000485)[0m   [0mSELECT * FROM "friends" WHERE ("friends"."id" = 2 AND ("friends".user_id = 25)) [0m
  [4;36;1mFriend Load (0.000570)[0m   [0;1mSELECT * FROM "friends" WHERE ("friends"."id" = 2 AND ("friends".user_id = 25)) [0m
  [4;35;1mFriend Load (0.000959)[0m   [0mSELECT * FROM "friends" WHERE ("friends"."id" = 2 AND ("friends".user_id = 25)) [0m
  [4;36;1mFriend Load (0.001597)[0m   [0;1mSELECT * FROM "friends" WHERE ("friends"."id" = 2 AND ("friends".user_id = 25)) [0m
